<?xml version="1.0" encoding="UTF-8"?>
<testng-results retried="1" ignored="0" total="5" passed="4" failed="0" skipped="0">
  <reporter-output>
    <line>
      <![CDATA[Test starting: sampleTest]]>
    </line>
    <line>
      <![CDATA[Im inside temple test]]>
    </line>
    <line>
      <![CDATA[Test starting: LikeOwnProfilePic]]>
    </line>
    <line>
      <![CDATA[Liking facebook profile picture]]>
    </line>
    <line>
      <![CDATA[Test starting: LikeOwnProfilePic]]>
    </line>
    <line>
      <![CDATA[Liking facebook profile picture]]>
    </line>
    <line>
      <![CDATA[Test starting: VerifyLogin]]>
    </line>
    <line>
      <![CDATA[Verifying Login]]>
    </line>
    <line>
      <![CDATA[Test starting: testOne]]>
    </line>
    <line>
      <![CDATA[Test One]]>
    </line>
  </reporter-output>
  <suite started-at="2022-03-04T16:40:14 CST" name="Testing Facebook" finished-at="2022-03-04T16:42:27 CST" duration-ms="133321">
    <groups>
    </groups>
    <test started-at="2022-03-04T16:40:14 CST" name="Regression" finished-at="2022-03-04T16:42:27 CST" duration-ms="133321">
      <class name="tests.FacebookLoginSpec">
        <test-method is-config="true" signature="setup()[pri:0, instance:tests.FacebookLoginSpec@4efbca5a]" started-at="2022-03-04T16:40:14 CST" name="setup" finished-at="2022-03-04T16:40:27 CST" duration-ms="13263" status="PASS">
          <reporter-output>
          </reporter-output>
        </test-method> <!-- setup -->
        <test-method is-config="true" signature="init()[pri:0, instance:tests.FacebookLoginSpec@4efbca5a]" started-at="2022-03-04T16:40:27 CST" name="init" finished-at="2022-03-04T16:40:27 CST" duration-ms="5" status="PASS">
          <reporter-output>
          </reporter-output>
        </test-method> <!-- init -->
        <test-method is-config="true" signature="reset()[pri:0, instance:tests.FacebookLoginSpec@4efbca5a]" started-at="2022-03-04T16:40:27 CST" name="reset" finished-at="2022-03-04T16:40:36 CST" duration-ms="8057" status="PASS">
          <reporter-output>
          </reporter-output>
        </test-method> <!-- reset -->
        <test-method signature="sampleTest()[pri:0, instance:tests.FacebookLoginSpec@4efbca5a]" started-at="2022-03-04T16:40:36 CST" name="sampleTest" finished-at="2022-03-04T16:40:36 CST" duration-ms="4" status="PASS">
          <reporter-output>
            <line>
              <![CDATA[Test starting: sampleTest]]>
            </line>
            <line>
              <![CDATA[Im inside temple test]]>
            </line>
          </reporter-output>
        </test-method> <!-- sampleTest -->
        <test-method is-config="true" signature="reset()[pri:0, instance:tests.FacebookLoginSpec@4efbca5a]" started-at="2022-03-04T16:40:36 CST" name="reset" finished-at="2022-03-04T16:40:44 CST" duration-ms="8304" status="PASS">
          <reporter-output>
          </reporter-output>
        </test-method> <!-- reset -->
        <test-method retried="true" signature="LikeOwnProfilePic()[pri:0, instance:tests.FacebookLoginSpec@4efbca5a]" started-at="2022-03-04T16:40:44 CST" name="LikeOwnProfilePic" finished-at="2022-03-04T16:41:08 CST" duration-ms="23847" status="SKIP">
          <exception class="java.lang.AssertionError">
            <message>
              <![CDATA[expected [51] but found [49]]]>
            </message>
            <full-stacktrace>
              <![CDATA[java.lang.AssertionError: expected [51] but found [49]
at org.testng.Assert.fail(Assert.java:110)
at org.testng.Assert.failNotEquals(Assert.java:1413)
at org.testng.Assert.assertEqualsImpl(Assert.java:149)
at org.testng.Assert.assertEquals(Assert.java:131)
at org.testng.Assert.assertEquals(Assert.java:1240)
at org.testng.Assert.assertEquals(Assert.java:1274)
at tests.FacebookLoginSpec.LikeOwnProfilePic(FacebookLoginSpec.java:86)
at java.base/jdk.internal.reflect.NativeMethodAccessorImpl.invoke0(Native Method)
at java.base/jdk.internal.reflect.NativeMethodAccessorImpl.invoke(NativeMethodAccessorImpl.java:64)
at java.base/jdk.internal.reflect.DelegatingMethodAccessorImpl.invoke(DelegatingMethodAccessorImpl.java:43)
at java.base/java.lang.reflect.Method.invoke(Method.java:564)
at org.testng.internal.invokers.MethodInvocationHelper.invokeMethod(MethodInvocationHelper.java:135)
at org.testng.internal.invokers.TestInvoker.invokeMethod(TestInvoker.java:673)
at org.testng.internal.invokers.TestInvoker.invokeTestMethod(TestInvoker.java:220)
at org.testng.internal.invokers.MethodRunner.runInSequence(MethodRunner.java:50)
at org.testng.internal.invokers.TestInvoker$MethodInvocationAgent.invoke(TestInvoker.java:945)
at org.testng.internal.invokers.TestInvoker.invokeTestMethods(TestInvoker.java:193)
at org.testng.internal.invokers.TestMethodWorker.invokeTestMethods(TestMethodWorker.java:146)
at org.testng.internal.invokers.TestMethodWorker.run(TestMethodWorker.java:128)
at java.base/java.util.ArrayList.forEach(ArrayList.java:1511)
at org.testng.TestRunner.privateRun(TestRunner.java:808)
at org.testng.TestRunner.run(TestRunner.java:603)
at org.testng.SuiteRunner.runTest(SuiteRunner.java:429)
at org.testng.SuiteRunner.runSequentially(SuiteRunner.java:423)
at org.testng.SuiteRunner.privateRun(SuiteRunner.java:383)
at org.testng.SuiteRunner.run(SuiteRunner.java:326)
at org.testng.SuiteRunnerWorker.runSuite(SuiteRunnerWorker.java:52)
at org.testng.SuiteRunnerWorker.run(SuiteRunnerWorker.java:95)
at org.testng.TestNG.runSuitesSequentially(TestNG.java:1249)
at org.testng.TestNG.runSuitesLocally(TestNG.java:1169)
at org.testng.TestNG.runSuites(TestNG.java:1092)
at org.testng.TestNG.run(TestNG.java:1060)
at org.testng.remote.AbstractRemoteTestNG.run(AbstractRemoteTestNG.java:115)
at org.testng.remote.RemoteTestNG.initAndRun(RemoteTestNG.java:251)
at org.testng.remote.RemoteTestNG.main(RemoteTestNG.java:77)
]]>
            </full-stacktrace>
          </exception> <!-- java.lang.AssertionError -->
          <reporter-output>
            <line>
              <![CDATA[Test starting: LikeOwnProfilePic]]>
            </line>
            <line>
              <![CDATA[Liking facebook profile picture]]>
            </line>
          </reporter-output>
        </test-method> <!-- LikeOwnProfilePic -->
        <test-method is-config="true" signature="reset()[pri:0, instance:tests.FacebookLoginSpec@4efbca5a]" started-at="2022-03-04T16:41:13 CST" name="reset" finished-at="2022-03-04T16:41:21 CST" duration-ms="8610" status="PASS">
          <reporter-output>
          </reporter-output>
        </test-method> <!-- reset -->
        <test-method signature="LikeOwnProfilePic()[pri:0, instance:tests.FacebookLoginSpec@4efbca5a]" started-at="2022-03-04T16:41:21 CST" name="LikeOwnProfilePic" finished-at="2022-03-04T16:41:44 CST" duration-ms="22605" status="PASS">
          <reporter-output>
            <line>
              <![CDATA[Test starting: LikeOwnProfilePic]]>
            </line>
            <line>
              <![CDATA[Liking facebook profile picture]]>
            </line>
          </reporter-output>
        </test-method> <!-- LikeOwnProfilePic -->
        <test-method is-config="true" signature="reset()[pri:0, instance:tests.FacebookLoginSpec@4efbca5a]" started-at="2022-03-04T16:41:44 CST" name="reset" finished-at="2022-03-04T16:41:52 CST" duration-ms="8291" status="PASS">
          <reporter-output>
          </reporter-output>
        </test-method> <!-- reset -->
        <test-method signature="VerifyLogin()[pri:0, instance:tests.FacebookLoginSpec@4efbca5a]" started-at="2022-03-04T16:41:52 CST" name="VerifyLogin" finished-at="2022-03-04T16:42:07 CST" duration-ms="14900" status="PASS">
          <reporter-output>
            <line>
              <![CDATA[Test starting: VerifyLogin]]>
            </line>
            <line>
              <![CDATA[Verifying Login]]>
            </line>
          </reporter-output>
        </test-method> <!-- VerifyLogin -->
        <test-method is-config="true" signature="reset()[pri:0, instance:tests.FacebookLoginSpec@4efbca5a]" started-at="2022-03-04T16:42:07 CST" name="reset" finished-at="2022-03-04T16:42:15 CST" duration-ms="8380" status="PASS">
          <reporter-output>
          </reporter-output>
        </test-method> <!-- reset -->
        <test-method signature="testOne()[pri:0, instance:tests.FacebookLoginSpec@4efbca5a]" started-at="2022-03-04T16:42:15 CST" name="testOne" finished-at="2022-03-04T16:42:27 CST" duration-ms="11102" status="PASS">
          <reporter-output>
            <line>
              <![CDATA[Test starting: testOne]]>
            </line>
            <line>
              <![CDATA[Test One]]>
            </line>
          </reporter-output>
        </test-method> <!-- testOne -->
        <test-method is-config="true" signature="teardown()[pri:0, instance:tests.FacebookLoginSpec@4efbca5a]" started-at="2022-03-04T16:42:27 CST" name="teardown" finished-at="2022-03-04T16:42:27 CST" duration-ms="912" status="PASS">
          <reporter-output>
          </reporter-output>
        </test-method> <!-- teardown -->
      </class> <!-- tests.FacebookLoginSpec -->
    </test> <!-- Regression -->
  </suite> <!-- Testing Facebook -->
</testng-results>
